<?xml version="1.0" encoding="UTF-8"?>
<!-- Generated by org.testng.reporters.JUnitXMLReporter -->
<testsuite hostname="SUNDEEPs-MacBook-Pro-3.local" failures="0" tests="4" name="Surefire test" time="10.724" errors="0" timestamp="25 Nov 2019 10:20:20 GMT">
  <testcase classname="noPCommerce.Nop.AppTest" name="testApp" time="0.005"/>
  <testcase classname="noPCommerce.Nop.HomePageTest" name="logoTest" time="0.123"/>
  <testcase classname="noPCommerce.Nop.HomePageTest" name="textValidate" time="0.029"/>
  <testcase classname="noPCommerce.Nop.HomePageTest" name="validateRegister" time="2.071"/>
</testsuite> <!-- Surefire test -->
