<?xml version="1.0" encoding="UTF-8"?>
<!-- Generated by org.testng.reporters.JUnitXMLReporter -->
<testsuite hostname="SUNDEEPs-MacBook-Pro-3.local" failures="0" tests="3" name="Default test" time="10.612" errors="0" timestamp="21 Nov 2019 22:17:13 GMT">
  <testcase classname="noPCommerce.Nop.HomePage" name="logoTest" time="0.09"/>
  <testcase classname="noPCommerce.Nop.HomePage" name="textValidate" time="0.024"/>
  <testcase classname="noPCommerce.Nop.HomePage" name="validateRegister" time="1.929"/>
</testsuite> <!-- Default test -->
