<?xml version="1.0" encoding="UTF-8"?>
<testng-results total="4" passed="4" failed="0" skipped="0">
  <reporter-output>
  </reporter-output>
  <suite started-at="2019-11-25T10:20:09Z" name="Surefire suite" finished-at="2019-11-25T10:20:20Z" duration-ms="10724">
    <groups>
    </groups>
    <test started-at="2019-11-25T10:20:09Z" name="Surefire test" finished-at="2019-11-25T10:20:20Z" duration-ms="10724">
      <class name="noPCommerce.Nop.HomePageTest">
        <test-method is-config="true" signature="invokingBrowser()[pri:0, instance:noPCommerce.Nop.HomePageTest@74a10858]" started-at="2019-11-25T10:20:09Z" name="invokingBrowser" finished-at="2019-11-25T10:20:16Z" duration-ms="6877" status="PASS">
          <reporter-output>
          </reporter-output>
        </test-method> <!-- invokingBrowser -->
        <test-method signature="logoTest()[pri:0, instance:noPCommerce.Nop.HomePageTest@74a10858]" started-at="2019-11-25T10:20:16Z" name="logoTest" finished-at="2019-11-25T10:20:16Z" duration-ms="123" status="PASS">
          <reporter-output>
          </reporter-output>
        </test-method> <!-- logoTest -->
        <test-method signature="textValidate()[pri:0, instance:noPCommerce.Nop.HomePageTest@74a10858]" started-at="2019-11-25T10:20:16Z" name="textValidate" finished-at="2019-11-25T10:20:16Z" duration-ms="29" status="PASS">
          <reporter-output>
          </reporter-output>
        </test-method> <!-- textValidate -->
        <test-method signature="validateRegister()[pri:0, instance:noPCommerce.Nop.HomePageTest@74a10858]" started-at="2019-11-25T10:20:16Z" name="validateRegister" finished-at="2019-11-25T10:20:18Z" duration-ms="2071" status="PASS">
          <reporter-output>
          </reporter-output>
        </test-method> <!-- validateRegister -->
        <test-method is-config="true" signature="tearDown()[pri:0, instance:noPCommerce.Nop.HomePageTest@74a10858]" started-at="2019-11-25T10:20:18Z" name="tearDown" finished-at="2019-11-25T10:20:20Z" duration-ms="1605" status="PASS">
          <reporter-output>
          </reporter-output>
        </test-method> <!-- tearDown -->
      </class> <!-- noPCommerce.Nop.HomePageTest -->
      <class name="noPCommerce.Nop.AppTest">
        <test-method signature="testApp()[pri:0, instance:noPCommerce.Nop.AppTest@7e0e6aa2]" started-at="2019-11-25T10:20:16Z" name="testApp" finished-at="2019-11-25T10:20:16Z" duration-ms="5" status="PASS">
          <reporter-output>
          </reporter-output>
        </test-method> <!-- testApp -->
      </class> <!-- noPCommerce.Nop.AppTest -->
    </test> <!-- Surefire test -->
  </suite> <!-- Surefire suite -->
</testng-results>
