<?xml version="1.0" encoding="UTF-8"?>
<testng-results total="4" passed="4" failed="0" skipped="0">
  <reporter-output>
  </reporter-output>
  <suite started-at="2019-11-22T15:58:35Z" name="Suite" finished-at="2019-11-22T15:58:45Z" duration-ms="9734">
    <groups>
    </groups>
    <test started-at="2019-11-22T15:58:35Z" name="Test" finished-at="2019-11-22T15:58:45Z" duration-ms="9734">
      <class name="noPCommerce.Nop.HomePage">
        <test-method is-config="true" signature="invokingBrowser()[pri:0, instance:noPCommerce.Nop.HomePage@25a65b77]" started-at="2019-11-22T15:58:35Z" name="invokingBrowser" finished-at="2019-11-22T15:58:42Z" duration-ms="6290" status="PASS">
          <reporter-output>
          </reporter-output>
        </test-method> <!-- invokingBrowser -->
        <test-method signature="logoTest()[pri:0, instance:noPCommerce.Nop.HomePage@25a65b77]" started-at="2019-11-22T15:58:42Z" name="logoTest" finished-at="2019-11-22T15:58:42Z" duration-ms="82" status="PASS">
          <reporter-output>
          </reporter-output>
        </test-method> <!-- logoTest -->
        <test-method signature="textValidate()[pri:0, instance:noPCommerce.Nop.HomePage@25a65b77]" started-at="2019-11-22T15:58:42Z" name="textValidate" finished-at="2019-11-22T15:58:42Z" duration-ms="32" status="PASS">
          <reporter-output>
          </reporter-output>
        </test-method> <!-- textValidate -->
        <test-method signature="validateRegister()[pri:0, instance:noPCommerce.Nop.HomePage@25a65b77]" started-at="2019-11-22T15:58:42Z" name="validateRegister" finished-at="2019-11-22T15:58:43Z" duration-ms="1693" status="PASS">
          <reporter-output>
          </reporter-output>
        </test-method> <!-- validateRegister -->
        <test-method is-config="true" signature="tearDown()[pri:0, instance:noPCommerce.Nop.HomePage@25a65b77]" started-at="2019-11-22T15:58:43Z" name="tearDown" finished-at="2019-11-22T15:58:45Z" duration-ms="1603" status="PASS">
          <reporter-output>
          </reporter-output>
        </test-method> <!-- tearDown -->
      </class> <!-- noPCommerce.Nop.HomePage -->
      <class name="noPCommerce.Nop.AppTest">
        <test-method signature="testApp()[pri:0, instance:noPCommerce.Nop.AppTest@482cd91f]" started-at="2019-11-22T15:58:43Z" name="testApp" finished-at="2019-11-22T15:58:43Z" duration-ms="1" status="PASS">
          <reporter-output>
          </reporter-output>
        </test-method> <!-- testApp -->
      </class> <!-- noPCommerce.Nop.AppTest -->
    </test> <!-- Test -->
  </suite> <!-- Suite -->
</testng-results>
